<?xml version="1.0" encoding="UTF-8"?>
<!-- Generated by org.testng.reporters.JUnitReportReporter -->
<testsuite hostname="TUF-Gaming" failures="0" tests="1" name="Demo" time="0.017" errors="0" timestamp="2023-01-25T17:37:44 IST" skipped="0">
  <testcase classname="Demo" name="reverseLinkedList2" time="0.017"/>
  <system-out/>
</testsuite> <!-- Demo -->
