<?xml version="1.0" encoding="UTF-8"?>
<!-- Generated by org.testng.reporters.JUnitReportReporter -->
<testsuite hostname="LAPTOP-NPM7KN99" failures="0" tests="1" name="Demo2" time="0.014" errors="0" timestamp="2022-06-13T00:10:45 IST" skipped="0">
  <testcase classname="Demo2" name="test2" time="0.014"/>
  <system-out/>
</testsuite> <!-- Demo2 -->
