<?xml version="1.0" encoding="UTF-8"?>
<!-- Generated by org.testng.reporters.JUnitReportReporter -->
<testsuite hostname="LAPTOP-NPM7KN99" failures="0" tests="1" name="TestNew" time="0.017" errors="0" timestamp="2022-04-20T01:59:09 IST" skipped="0">
  <testcase classname="TestNew" name="binarySearch" time="0.017"/>
  <system-out/>
</testsuite> <!-- TestNew -->
