<?xml version="1.0" encoding="UTF-8"?>
<!-- Generated by org.testng.reporters.JUnitReportReporter -->
<testsuite hostname="LAPTOP-NPM7KN99" failures="0" tests="1" name="DemoCode" time="0.018" errors="0" timestamp="2022-05-27T10:12:12 IST" skipped="0">
  <testcase classname="DemoCode" name="Asserts" time="0.018"/>
  <system-out/>
</testsuite> <!-- DemoCode -->
